{"target": 0.0, "params": {"BHF": 0.5488135039273248, "friction": 0.7151893663724195, "punch_die_gap": 0.6027633760716439}, "datetime": {"datetime": "2025-04-02 18:52:53", "elapsed": 0.0, "delta": 0.0}}
{"target": 0.0, "params": {"BHF": 0.5448831829968969, "friction": 0.4236547993389047, "punch_die_gap": 0.6458941130666561}, "datetime": {"datetime": "2025-04-02 19:04:03", "elapsed": 669.950907, "delta": 669.950907}}
{"target": 0.0, "params": {"BHF": 0.4375872112626925, "friction": 0.8917730007820798, "punch_die_gap": 0.9636627605010293}, "datetime": {"datetime": "2025-04-02 19:14:55", "elapsed": 1321.804167, "delta": 651.85326}}
{"target": 0.0, "params": {"BHF": 0.3834415188257777, "friction": 0.7917250380826646, "punch_die_gap": 0.5288949197529045}, "datetime": {"datetime": "2025-04-02 19:24:46", "elapsed": 1913.348554, "delta": 591.544387}}
{"target": 0.0, "params": {"BHF": 0.5680445610939323, "friction": 0.925596638292661, "punch_die_gap": 0.07103605819788694}, "datetime": {"datetime": "2025-04-02 19:37:09", "elapsed": 2656.154603, "delta": 742.806049}}
{"target": -0.9362115859985352, "params": {"BHF": 0.08712929970154071, "friction": 0.02021839744032572, "punch_die_gap": 0.832619845547938}, "datetime": {"datetime": "2025-04-02 19:47:39", "elapsed": 3286.078609, "delta": 629.924006}}
{"target": -0.35699400305747986, "params": {"BHF": 0.7781567509498505, "friction": 0.8700121482468192, "punch_die_gap": 0.978618342232764}, "datetime": {"datetime": "2025-04-02 20:02:42", "elapsed": 4188.601313, "delta": 902.522704}}
{"target": 0.0, "params": {"BHF": 0.7991585642167236, "friction": 0.46147936225293185, "punch_die_gap": 0.7805291762864555}, "datetime": {"datetime": "2025-04-02 20:15:39", "elapsed": 4965.794607, "delta": 777.193294}}
{"target": -0.9355706572532654, "params": {"BHF": 0.11827442586893322, "friction": 0.6399210213275238, "punch_die_gap": 0.1433532874090464}, "datetime": {"datetime": "2025-04-02 20:28:24", "elapsed": 5731.196272, "delta": 765.401665}}
{"target": 0.0, "params": {"BHF": 0.9446689170495839, "friction": 0.5218483217500717, "punch_die_gap": 0.4146619399905236}, "datetime": {"datetime": "2025-04-02 20:41:15", "elapsed": 6502.507764, "delta": 771.311492}}
{"target": -0.9356539249420166, "params": {"BHF": 0.26455561210462697, "friction": 0.7742336894342167, "punch_die_gap": 0.45615033221654855}, "datetime": {"datetime": "2025-04-02 20:51:25", "elapsed": 7112.218635, "delta": 609.710871}}
{"target": -0.9362627267837524, "params": {"BHF": 0.5684339488686485, "friction": 0.018789800436355142, "punch_die_gap": 0.6176354970758771}, "datetime": {"datetime": "2025-04-02 21:02:09", "elapsed": 7756.469897, "delta": 644.251262}}
{"target": 0.0, "params": {"BHF": 0.6120957227224214, "friction": 0.6169339968747569, "punch_die_gap": 0.9437480785146242}, "datetime": {"datetime": "2025-04-02 21:16:05", "elapsed": 8592.013725, "delta": 835.543828}}
{"target": 0.0, "params": {"BHF": 0.6818202991034834, "friction": 0.359507900573786, "punch_die_gap": 0.43703195379934145}, "datetime": {"datetime": "2025-04-02 21:29:00", "elapsed": 9367.016841, "delta": 775.003116}}
{"target": -0.9360966086387634, "params": {"BHF": 0.6976311959272649, "friction": 0.06022547162926983, "punch_die_gap": 0.6667667154456677}, "datetime": {"datetime": "2025-04-02 21:40:20", "elapsed": 10047.2909, "delta": 680.274059}}
{"target": 0.0, "params": {"BHF": 0.741341600362705, "friction": 0.5648591902072406, "punch_die_gap": 0.5914408000332548}, "datetime": {"datetime": "2025-04-02 21:52:24", "elapsed": 10770.761944, "delta": 723.471044}}
{"target": 0.0, "params": {"BHF": 0.4577079328053155, "friction": 0.8203431776278476, "punch_die_gap": 0.5486393229747045}, "datetime": {"datetime": "2025-04-02 22:06:36", "elapsed": 11623.324895, "delta": 852.562951}}
{"target": 0.0, "params": {"BHF": 0.6258652840749329, "friction": 0.5798326591329194, "punch_die_gap": 0.7374758801562086}, "datetime": {"datetime": "2025-04-02 22:18:42", "elapsed": 12348.855493, "delta": 725.530598}}
{"target": -0.36226892471313477, "params": {"BHF": 0.8515262308512468, "friction": 0.8080740687652957, "punch_die_gap": 0.30434033724040654}, "datetime": {"datetime": "2025-04-02 22:36:57", "elapsed": 13443.92915, "delta": 1095.073657}}
{"target": 0.0, "params": {"BHF": 0.6672644077524787, "friction": 0.47700823664830105, "punch_die_gap": 0.49710112994792477}, "datetime": {"datetime": "2025-04-02 22:49:37", "elapsed": 14204.084306, "delta": 760.155156}}
{"target": 0.0, "params": {"BHF": 0.5019565370560245, "friction": 0.7584432325063937, "punch_die_gap": 0.8140801254962973}, "datetime": {"datetime": "2025-04-02 23:03:44", "elapsed": 15050.610742, "delta": 846.526436}}
{"target": 0.0, "params": {"BHF": 0.8595797424271633, "friction": 0.4501263567665048, "punch_die_gap": 0.5164827494677057}, "datetime": {"datetime": "2025-04-02 23:22:34", "elapsed": 16181.270924, "delta": 1130.660182}}
{"target": 0.0, "params": {"BHF": 0.42290504504550464, "friction": 0.7392290376957059, "punch_die_gap": 0.6184225113692422}, "datetime": {"datetime": "2025-04-02 23:35:28", "elapsed": 16955.247777, "delta": 773.976853}}
{"target": 0.0, "params": {"BHF": 0.6986317874619764, "friction": 0.46165766784536066, "punch_die_gap": 0.6369954495179458}, "datetime": {"datetime": "2025-04-02 23:47:12", "elapsed": 17658.573218, "delta": 703.325441}}
{"target": 0.0, "params": {"BHF": 0.8000677035900358, "friction": 0.4593668119166022, "punch_die_gap": 0.38569107155131455}, "datetime": {"datetime": "2025-04-02 23:59:45", "elapsed": 18412.534375, "delta": 753.961157}}
{"target": 0.0, "params": {"BHF": 0.9265035761714547, "friction": 0.5723325745105012, "punch_die_gap": 0.702778340295291}, "datetime": {"datetime": "2025-04-03 00:15:25", "elapsed": 19351.819633, "delta": 939.285258}}
{"target": -0.35817891359329224, "params": {"BHF": 0.7357411073125032, "friction": 0.9877613478604643, "punch_die_gap": 0.004483986397338824}, "datetime": {"datetime": "2025-04-03 00:34:50", "elapsed": 20517.272275, "delta": 1165.452642}}
{"target": 0.0, "params": {"BHF": 0.7576556116818206, "friction": 0.5933565564481004, "punch_die_gap": 0.8098081556545401}, "datetime": {"datetime": "2025-04-03 00:47:16", "elapsed": 21263.286871, "delta": 746.014596}}
{"target": 0.0, "params": {"BHF": 0.4721266203892007, "friction": 0.7075847380325879, "punch_die_gap": 0.9491252813587725}, "datetime": {"datetime": "2025-04-03 01:00:27", "elapsed": 22054.152806, "delta": 790.865935}}
{"target": 0.0, "params": {"BHF": 0.5531728059530503, "friction": 0.5324763211401451, "punch_die_gap": 0.6190134901784498}, "datetime": {"datetime": "2025-04-03 01:12:58", "elapsed": 22804.682089, "delta": 750.529283}}
{"target": 0.0, "params": {"BHF": 0.889782780029884, "friction": 0.5705726295086923, "punch_die_gap": 0.5262036152911533}, "datetime": {"datetime": "2025-04-03 01:25:34", "elapsed": 23560.65323, "delta": 755.971141}}
{"target": 0.0, "params": {"BHF": 0.4489865970109078, "friction": 0.7622467026390981, "punch_die_gap": 0.54619159062908}, "datetime": {"datetime": "2025-04-03 01:36:31", "elapsed": 24217.832371, "delta": 657.179141}}
{"target": 0.0, "params": {"BHF": 0.40696395956588216, "friction": 0.9109001605153515, "punch_die_gap": 0.7114142539189647}, "datetime": {"datetime": "2025-04-03 01:47:26", "elapsed": 24873.070754, "delta": 655.238383}}
{"target": 0.0, "params": {"BHF": 0.4224848485432161, "friction": 0.8360617120260091, "punch_die_gap": 0.6283532383007855}, "datetime": {"datetime": "2025-04-03 01:59:12", "elapsed": 25579.175887, "delta": 706.105133}}
{"target": -0.9352888464927673, "params": {"BHF": 0.39158339183084023, "friction": 0.8395112371397536, "punch_die_gap": 0.8445111525305492}, "datetime": {"datetime": "2025-04-03 02:12:37", "elapsed": 26384.038103, "delta": 804.862216}}
{"target": 0.0, "params": {"BHF": 0.5759158143323764, "friction": 0.7109161455350884, "punch_die_gap": 0.7961663868918504}, "datetime": {"datetime": "2025-04-03 02:22:54", "elapsed": 27001.322581, "delta": 617.284478}}
{"target": 0.0, "params": {"BHF": 0.5180891309952047, "friction": 0.9201770108022905, "punch_die_gap": 0.6475798481398465}, "datetime": {"datetime": "2025-04-03 02:39:13", "elapsed": 27979.618401, "delta": 978.29582}}
{"target": 0.0, "params": {"BHF": 0.5039343022467586, "friction": 0.9003304464518632, "punch_die_gap": 0.9976384271994029}, "datetime": {"datetime": "2025-04-03 02:52:01", "elapsed": 28748.325633, "delta": 768.707232}}
{"target": -0.9352482557296753, "params": {"BHF": 0.5708855974489712, "friction": 0.7193434116057329, "punch_die_gap": 0.9411664125622989}, "datetime": {"datetime": "2025-04-03 03:07:38", "elapsed": 29684.661773, "delta": 936.33614}}
{"target": 0.0, "params": {"BHF": 0.635731329998549, "friction": 0.6529662256491745, "punch_die_gap": 0.6510327616766834}, "datetime": {"datetime": "2025-04-03 03:22:33", "elapsed": 30580.507803, "delta": 895.84603}}
